<?xml version="1.0" encoding="UTF-8"?>
<!-- Generated by org.testng.reporters.JUnitReportReporter -->
<testsuite name="test.CreateAccountPageTest" tests="1" time="3.377" ignored="0" failures="0" timestamp="03 Jul 2022 21:00:09 GMT" skipped="0" hostname="DESKTOP-121E6Q5" errors="0">
  <testcase name="createaccountpageTest" time="3.377" classname="test.CreateAccountPageTest"/>
</testsuite> <!-- test.CreateAccountPageTest -->
